<?xml version="1.0" encoding="UTF-8"?>
<!-- Generated by org.testng.reporters.JUnitReportReporter -->
<testsuite skipped="0" hostname="Sampada-PC" name="TestNGDemo.SoftAssertionDemo" tests="2" failures="0" timestamp="19 Feb 2020 10:19:08 GMT" time="13.519" errors="0">
  <testcase name="CheckTitle" time="13.507" classname="TestNGDemo.SoftAssertionDemo"/>
  <testcase name="Login" time="0.012" classname="TestNGDemo.SoftAssertionDemo"/>
</testsuite> <!-- TestNGDemo.SoftAssertionDemo -->
