<?xml version="1.0" encoding="UTF-8"?>
<!-- Generated by org.testng.reporters.JUnitReportReporter -->
<testsuite skipped="0" hostname="Sampada-PC" name="TestNGDemo.Driver" tests="2" failures="0" timestamp="18 Feb 2020 10:33:19 GMT" time="0.025" errors="0">
  <testcase name="driverInfo" time="0.020" classname="TestNGDemo.Driver"/>
  <testcase name="Launch" time="0.005" classname="TestNGDemo.Driver"/>
</testsuite> <!-- TestNGDemo.Driver -->
