<?xml version="1.0" encoding="UTF-8"?>
<!-- Generated by org.testng.reporters.JUnitReportReporter -->
<testsuite skipped="0" hostname="Sampada-PC" name="TestNGDemo.DemoGroups" tests="1" failures="0" timestamp="29 Feb 2020 08:27:06 GMT" time="5.968" errors="0">
  <testcase name="Login" time="5.968" classname="TestNGDemo.DemoGroups"/>
</testsuite> <!-- TestNGDemo.DemoGroups -->
