<?xml version="1.0" encoding="UTF-8"?>
<!-- Generated by org.testng.reporters.JUnitReportReporter -->
<testsuite skipped="0" hostname="Sampada-PC" name="TestNGDemo.Data_DrivenTest" tests="4" failures="0" timestamp="19 Feb 2020 10:05:02 GMT" time="194.235" errors="0">
  <testcase name="CheckLogin" time="40.847" classname="TestNGDemo.Data_DrivenTest"/>
  <testcase name="CheckLogin" time="87.564" classname="TestNGDemo.Data_DrivenTest"/>
  <testcase name="CheckLogin" time="36.755" classname="TestNGDemo.Data_DrivenTest"/>
  <testcase name="CheckLogin" time="29.069" classname="TestNGDemo.Data_DrivenTest"/>
</testsuite> <!-- TestNGDemo.Data_DrivenTest -->
