<?xml version="1.0" encoding="UTF-8"?>
<!-- Generated by org.testng.reporters.JUnitReportReporter -->
<testsuite skipped="0" hostname="Sampada-PC" name="orangelive.Logintest" tests="2" failures="0" timestamp="26 Feb 2020 10:19:28 GMT" time="14.111" errors="0">
  <testcase name="Login" time="14.047" classname="orangelive.Logintest"/>
  <testcase name="CheckTitle" time="0.064" classname="orangelive.Logintest"/>
</testsuite> <!-- orangelive.Logintest -->
