<?xml version="1.0" encoding="UTF-8"?>
<!-- Generated by org.testng.reporters.JUnitReportReporter -->
<testsuite skipped="0" hostname="Sampada-PC" name="DemoHRM.HomeTest" tests="2" failures="0" timestamp="17 Feb 2020 11:06:39 GMT" time="4.188" errors="0">
  <testcase name="JobOpen" time="1.572" classname="DemoHRM.HomeTest"/>
  <testcase name="checkAdmin" time="2.616" classname="DemoHRM.HomeTest"/>
</testsuite> <!-- DemoHRM.HomeTest -->
