<?xml version="1.0" encoding="UTF-8"?>
<!-- Generated by org.testng.reporters.JUnitReportReporter -->
<testsuite skipped="0" hostname="Sampada-PC" name="DemoHRM.Driver" tests="2" failures="0" timestamp="13 Feb 2020 10:04:33 GMT" time="22.378" errors="0">
  <testcase name="DriverInfo" time="19.831" classname="DemoHRM.Driver"/>
  <testcase name="Close_Browser" time="2.547" classname="DemoHRM.Driver"/>
</testsuite> <!-- DemoHRM.Driver -->
