<?xml version="1.0" encoding="UTF-8"?>
<!-- Generated by org.testng.reporters.JUnitReportReporter -->
<testsuite skipped="0" hostname="Sampada-PC" name="DemoHRM.LoginTest" tests="2" failures="0" timestamp="17 Feb 2020 11:06:39 GMT" time="11.219" errors="0">
  <testcase name="CheckTitle" time="0.031" classname="DemoHRM.LoginTest"/>
  <testcase name="Login" time="11.188" classname="DemoHRM.LoginTest"/>
</testsuite> <!-- DemoHRM.LoginTest -->
